<?xml version="1.0" encoding="UTF-8"?>
<!-- Generated by org.testng.reporters.JUnitXMLReporter -->
<testsuite ignored="0" hostname="E1155407" failures="0" tests="3" name="Command line test" time="2.719" errors="0" timestamp="2024-09-27T03:35:45 EEST">
  <testcase classname="APITests.APITest" name="createUserTest" time="1.667"/>
  <testcase classname="APITests.APITest" name="listUsersTest" time="0.277"/>
  <testcase classname="APITests.APITest" name="updateUserTest" time="0.324"/>
</testsuite> <!-- Command line test -->
