<?xml version="1.0" encoding="UTF-8"?>
<testng-results ignored="0" total="3" passed="3" failed="0" skipped="0">
  <reporter-output>
  </reporter-output>
  <suite started-at="2024-09-27T03:35:42 EEST" name="Command line suite" finished-at="2024-09-27T03:35:45 EEST" duration-ms="2719">
    <groups>
    </groups>
    <test started-at="2024-09-27T03:35:42 EEST" name="Command line test" finished-at="2024-09-27T03:35:45 EEST" duration-ms="2719">
      <class name="APITests.APITest">
        <test-method is-config="true" signature="setUp()[pri:0, instance:APITests.APITest@6e38921c]" started-at="2024-09-27T03:35:42 EEST" name="setUp" finished-at="2024-09-27T03:35:43 EEST" duration-ms="413" status="PASS">
          <reporter-output>
          </reporter-output>
        </test-method> <!-- setUp -->
        <test-method signature="createUserTest()[pri:0, instance:APITests.APITest@6e38921c]" started-at="2024-09-27T03:35:43 EEST" name="createUserTest" finished-at="2024-09-27T03:35:44 EEST" duration-ms="1667" status="PASS">
          <reporter-output>
          </reporter-output>
        </test-method> <!-- createUserTest -->
        <test-method is-config="true" signature="setup()[pri:0, instance:APITests.APITest@6e38921c]" started-at="2024-09-27T03:35:43 EEST" name="setup" finished-at="2024-09-27T03:35:43 EEST" duration-ms="0" status="PASS">
          <reporter-output>
          </reporter-output>
        </test-method> <!-- setup -->
        <test-method is-config="true" signature="teardown()[pri:0, instance:APITests.APITest@6e38921c]" started-at="2024-09-27T03:35:44 EEST" name="teardown" finished-at="2024-09-27T03:35:44 EEST" duration-ms="0" status="PASS">
          <reporter-output>
          </reporter-output>
        </test-method> <!-- teardown -->
        <test-method signature="listUsersTest()[pri:0, instance:APITests.APITest@6e38921c]" started-at="2024-09-27T03:35:44 EEST" name="listUsersTest" finished-at="2024-09-27T03:35:44 EEST" duration-ms="277" status="PASS">
          <reporter-output>
          </reporter-output>
        </test-method> <!-- listUsersTest -->
        <test-method is-config="true" signature="setup()[pri:0, instance:APITests.APITest@6e38921c]" started-at="2024-09-27T03:35:44 EEST" name="setup" finished-at="2024-09-27T03:35:44 EEST" duration-ms="0" status="PASS">
          <reporter-output>
          </reporter-output>
        </test-method> <!-- setup -->
        <test-method is-config="true" signature="teardown()[pri:0, instance:APITests.APITest@6e38921c]" started-at="2024-09-27T03:35:44 EEST" name="teardown" finished-at="2024-09-27T03:35:44 EEST" duration-ms="1" status="PASS">
          <reporter-output>
          </reporter-output>
        </test-method> <!-- teardown -->
        <test-method signature="updateUserTest()[pri:0, instance:APITests.APITest@6e38921c]" started-at="2024-09-27T03:35:44 EEST" name="updateUserTest" finished-at="2024-09-27T03:35:45 EEST" duration-ms="324" status="PASS">
          <reporter-output>
          </reporter-output>
        </test-method> <!-- updateUserTest -->
        <test-method is-config="true" signature="setup()[pri:0, instance:APITests.APITest@6e38921c]" started-at="2024-09-27T03:35:44 EEST" name="setup" finished-at="2024-09-27T03:35:44 EEST" duration-ms="0" status="PASS">
          <reporter-output>
          </reporter-output>
        </test-method> <!-- setup -->
        <test-method is-config="true" signature="teardown()[pri:0, instance:APITests.APITest@6e38921c]" started-at="2024-09-27T03:35:45 EEST" name="teardown" finished-at="2024-09-27T03:35:45 EEST" duration-ms="0" status="PASS">
          <reporter-output>
          </reporter-output>
        </test-method> <!-- teardown -->
      </class> <!-- APITests.APITest -->
    </test> <!-- Command line test -->
  </suite> <!-- Command line suite -->
</testng-results>
